2024-03-23 16:28:17.371 | INFO     | processing:find_activities:36 - Found 8x Supermarkt in a radius of 10.0 km
2024-03-23 16:28:18.230 | INFO     | processing:find_activities:36 - Found 12x Zwembad in a radius of 15.0 km
2024-03-23 16:28:19.996 | INFO     | processing:find_activities:36 - Found 4x Klimbos in a radius of 25.0 km
2024-03-23 16:28:23.564 | INFO     | processing:find_activities:36 - Found 6x VR Game in a radius of 45.0 km
2024-03-23 16:28:24.751 | INFO     | processing:find_activities:36 - Found 4x Lasergame in a radius of 20.0 km
2024-03-23 16:28:25.908 | INFO     | processing:find_activities:36 - Found 7x Escaperoom in a radius of 20.0 km
2024-03-23 16:28:27.141 | INFO     | processing:find_activities:36 - Found 5x Pretpark in a radius of 20.0 km
2024-03-23 16:28:28.647 | INFO     | processing:find_activities:36 - Found 6x Basic Fit in a radius of 20.0 km
2024-03-23 16:28:28.648 | INFO     | processing:process:76 - =====================================
2024-03-23 16:28:29.083 | INFO     | processing:find_activities:36 - Found 17x Supermarkt in a radius of 10.0 km
2024-03-23 16:28:29.455 | INFO     | processing:find_activities:36 - Found 4x Zwembad in a radius of 10.0 km
2024-03-23 16:28:31.148 | INFO     | processing:find_activities:36 - Found 5x Klimbos in a radius of 25.0 km
2024-03-23 16:28:32.425 | INFO     | processing:find_activities:36 - Found 7x VR Game in a radius of 20.0 km
2024-03-23 16:28:33.663 | INFO     | processing:find_activities:36 - Found 6x Lasergame in a radius of 20.0 km
2024-03-23 16:28:34.620 | INFO     | processing:find_activities:36 - Found 6x Escaperoom in a radius of 15.0 km
2024-03-23 16:28:35.722 | INFO     | processing:find_activities:36 - Found 5x Pretpark in a radius of 15.0 km
2024-03-23 16:28:36.624 | INFO     | processing:find_activities:36 - Found 7x Basic Fit in a radius of 15.0 km
2024-03-23 16:28:36.625 | INFO     | processing:process:76 - =====================================
2024-03-23 16:28:37.083 | INFO     | processing:find_activities:36 - Found 15x Supermarkt in a radius of 10.0 km
2024-03-23 16:28:37.501 | INFO     | processing:find_activities:36 - Found 4x Zwembad in a radius of 10.0 km
2024-03-23 16:28:40.290 | INFO     | processing:find_activities:36 - Found 4x Klimbos in a radius of 40.0 km
2024-03-23 16:28:42.551 | INFO     | processing:find_activities:36 - Found 4x VR Game in a radius of 30.0 km
2024-03-23 16:28:44.310 | INFO     | processing:find_activities:36 - Found 5x Lasergame in a radius of 25.0 km
2024-03-23 16:28:45.521 | INFO     | processing:find_activities:36 - Found 7x Escaperoom in a radius of 20.0 km
2024-03-23 16:28:48.117 | INFO     | processing:find_activities:36 - Found 4x Pretpark in a radius of 35.0 km
2024-03-23 16:28:48.913 | INFO     | processing:find_activities:36 - Found 6x Basic Fit in a radius of 15.0 km
2024-03-23 16:28:48.914 | INFO     | processing:process:76 - =====================================
2024-03-23 16:28:49.434 | INFO     | processing:find_activities:36 - Found 20x Supermarkt in a radius of 10.0 km
2024-03-23 16:28:49.868 | INFO     | processing:find_activities:36 - Found 7x Zwembad in a radius of 10.0 km
2024-03-23 16:28:53.011 | INFO     | processing:find_activities:36 - Found 4x Klimbos in a radius of 40.0 km
2024-03-23 16:28:53.842 | INFO     | processing:find_activities:36 - Found 7x VR Game in a radius of 15.0 km
2024-03-23 16:28:55.040 | INFO     | processing:find_activities:36 - Found 8x Lasergame in a radius of 20.0 km
2024-03-23 16:28:55.423 | INFO     | processing:find_activities:36 - Found 4x Escaperoom in a radius of 10.0 km
2024-03-23 16:28:56.778 | INFO     | processing:find_activities:36 - Found 5x Pretpark in a radius of 20.0 km
2024-03-23 16:28:57.126 | INFO     | processing:find_activities:36 - Found 5x Basic Fit in a radius of 10.0 km
2024-03-23 16:28:57.127 | INFO     | processing:process:76 - =====================================
